This file contains any messages produced by compilers while
running configure, to aid debugging if configure makes a mistake.

It was created by tio configure 1.20, which was
generated by GNU Autoconf 2.69.  Invocation command line was

  $ ./configure 

## --------- ##
## Platform. ##
## --------- ##

hostname = elbook
uname -m = x86_64
uname -r = 4.9.0-4-amd64
uname -s = Linux
uname -v = #1 SMP Debian 4.9.65-3 (2017-12-03)

/usr/bin/uname -p = unknown
/bin/uname -X     = unknown

/bin/arch              = unknown
/usr/bin/arch -k       = unknown
/usr/convex/getsysinfo = unknown
/usr/bin/hostinfo      = unknown
/bin/machine           = unknown
/usr/bin/oslevel       = unknown
/bin/universe          = unknown

PATH: /usr/local/sbin
PATH: /usr/local/bin
PATH: /usr/sbin
PATH: /usr/bin
PATH: /sbin
PATH: /bin


## ----------- ##
## Core tests. ##
## ----------- ##

configure:1923: checking for a BSD-compatible install
configure:1991: result: /usr/bin/install -c
configure:2002: checking whether build environment is sane
configure:2057: result: yes
configure:2208: checking for a thread-safe mkdir -p
configure:2247: result: /bin/mkdir -p
configure:2254: checking for gawk
configure:2270: found /usr/bin/gawk
configure:2281: result: gawk
configure:2292: checking whether make sets $(MAKE)
configure:2314: result: yes
configure:2343: checking whether make supports nested variables
configure:2360: result: yes
configure:2497: checking whether make supports nested variables
configure:2514: result: yes
configure:2573: checking for gcc
configure:2589: found /usr/bin/gcc
configure:2600: result: gcc
configure:2829: checking for C compiler version
configure:2838: gcc --version >&5
gcc (Debian 6.3.0-18) 6.3.0 20170516
Copyright (C) 2016 Free Software Foundation, Inc.
This is free software; see the source for copying conditions.  There is NO
warranty; not even for MERCHANTABILITY or FITNESS FOR A PARTICULAR PURPOSE.

configure:2849: $? = 0
configure:2838: gcc -v >&5
Using built-in specs.
COLLECT_GCC=gcc
COLLECT_LTO_WRAPPER=/usr/lib/gcc/x86_64-linux-gnu/6/lto-wrapper
Target: x86_64-linux-gnu
Configured with: ../src/configure -v --with-pkgversion='Debian 6.3.0-18' --with-bugurl=file:///usr/share/doc/gcc-6/README.Bugs --enable-languages=c,ada,c++,java,go,d,fortran,objc,obj-c++ --prefix=/usr --program-suffix=-6 --program-prefix=x86_64-linux-gnu- --enable-shared --enable-linker-build-id --libexecdir=/usr/lib --without-included-gettext --enable-threads=posix --libdir=/usr/lib --enable-nls --with-sysroot=/ --enable-clocale=gnu --enable-libstdcxx-debug --enable-libstdcxx-time=yes --with-default-libstdcxx-abi=new --enable-gnu-unique-object --disable-vtable-verify --enable-libmpx --enable-plugin --enable-default-pie --with-system-zlib --disable-browser-plugin --enable-java-awt=gtk --enable-gtk-cairo --with-java-home=/usr/lib/jvm/java-1.5.0-gcj-6-amd64/jre --enable-java-home --with-jvm-root-dir=/usr/lib/jvm/java-1.5.0-gcj-6-amd64 --with-jvm-jar-dir=/usr/lib/jvm-exports/java-1.5.0-gcj-6-amd64 --with-arch-directory=amd64 --with-ecj-jar=/usr/share/java/eclipse-ecj.jar --with-target-system-zlib --enable-objc-gc=auto --enable-multiarch --with-arch-32=i686 --with-abi=m64 --with-multilib-list=m32,m64,mx32 --enable-multilib --with-tune=generic --enable-checking=release --build=x86_64-linux-gnu --host=x86_64-linux-gnu --target=x86_64-linux-gnu
Thread model: posix
gcc version 6.3.0 20170516 (Debian 6.3.0-18) 
configure:2849: $? = 0
configure:2838: gcc -V >&5
gcc: error: unrecognized command line option '-V'
gcc: fatal error: no input files
compilation terminated.
configure:2849: $? = 1
configure:2838: gcc -qversion >&5
gcc: error: unrecognized command line option '-qversion'; did you mean '--version'?
gcc: fatal error: no input files
compilation terminated.
configure:2849: $? = 1
configure:2869: checking whether the C compiler works
configure:2891: gcc    conftest.c  >&5
configure:2895: $? = 0
configure:2943: result: yes
configure:2946: checking for C compiler default output file name
configure:2948: result: a.out
configure:2954: checking for suffix of executables
configure:2961: gcc -o conftest    conftest.c  >&5
configure:2965: $? = 0
configure:2987: result: 
configure:3009: checking whether we are cross compiling
configure:3017: gcc -o conftest    conftest.c  >&5
configure:3021: $? = 0
configure:3028: ./conftest
configure:3032: $? = 0
configure:3047: result: no
configure:3052: checking for suffix of object files
configure:3074: gcc -c   conftest.c >&5
configure:3078: $? = 0
configure:3099: result: o
configure:3103: checking whether we are using the GNU C compiler
configure:3122: gcc -c   conftest.c >&5
configure:3122: $? = 0
configure:3131: result: yes
configure:3140: checking whether gcc accepts -g
configure:3160: gcc -c -g  conftest.c >&5
configure:3160: $? = 0
configure:3201: result: yes
configure:3218: checking for gcc option to accept ISO C89
configure:3281: gcc  -c -g -O2  conftest.c >&5
configure:3281: $? = 0
configure:3294: result: none needed
configure:3319: checking whether gcc understands -c and -o together
configure:3341: gcc -c conftest.c -o conftest2.o
configure:3344: $? = 0
configure:3341: gcc -c conftest.c -o conftest2.o
configure:3344: $? = 0
configure:3356: result: yes
configure:3384: checking for style of include used by make
configure:3412: result: GNU
configure:3438: checking dependency style of gcc
configure:3549: result: gcc3
configure:3579: checking for special C compiler options needed for large files
configure:3624: result: no
configure:3630: checking for _FILE_OFFSET_BITS value needed for large files
configure:3655: gcc -c -g -O2  conftest.c >&5
configure:3655: $? = 0
configure:3687: result: no
configure:3826: checking for pkg-config
configure:3859: result: no
configure:3906: checking for BASH_COMPLETION
configure:3965: result: no
configure:3998: checking whether B0 is declared
configure:3998: gcc -c -g -O2  conftest.c >&5
configure:3998: $? = 0
configure:3998: result: yes
configure:4016: checking whether B50 is declared
configure:4016: gcc -c -g -O2  conftest.c >&5
configure:4016: $? = 0
configure:4016: result: yes
configure:4034: checking whether B75 is declared
configure:4034: gcc -c -g -O2  conftest.c >&5
configure:4034: $? = 0
configure:4034: result: yes
configure:4052: checking whether B110 is declared
configure:4052: gcc -c -g -O2  conftest.c >&5
configure:4052: $? = 0
configure:4052: result: yes
configure:4070: checking whether B134 is declared
configure:4070: gcc -c -g -O2  conftest.c >&5
configure:4070: $? = 0
configure:4070: result: yes
configure:4088: checking whether B150 is declared
configure:4088: gcc -c -g -O2  conftest.c >&5
configure:4088: $? = 0
configure:4088: result: yes
configure:4106: checking whether B200 is declared
configure:4106: gcc -c -g -O2  conftest.c >&5
configure:4106: $? = 0
configure:4106: result: yes
configure:4124: checking whether B300 is declared
configure:4124: gcc -c -g -O2  conftest.c >&5
configure:4124: $? = 0
configure:4124: result: yes
configure:4142: checking whether B600 is declared
configure:4142: gcc -c -g -O2  conftest.c >&5
configure:4142: $? = 0
configure:4142: result: yes
configure:4160: checking whether B1200 is declared
configure:4160: gcc -c -g -O2  conftest.c >&5
configure:4160: $? = 0
configure:4160: result: yes
configure:4178: checking whether B1800 is declared
configure:4178: gcc -c -g -O2  conftest.c >&5
configure:4178: $? = 0
configure:4178: result: yes
configure:4196: checking whether B2400 is declared
configure:4196: gcc -c -g -O2  conftest.c >&5
configure:4196: $? = 0
configure:4196: result: yes
configure:4214: checking whether B4800 is declared
configure:4214: gcc -c -g -O2  conftest.c >&5
configure:4214: $? = 0
configure:4214: result: yes
configure:4232: checking whether B7200 is declared
configure:4232: gcc -c -g -O2  conftest.c >&5
conftest.c: In function 'main':
conftest.c:20:10: error: 'B7200' undeclared (first use in this function)
   (void) B7200;
          ^~~~~
conftest.c:20:10: note: each undeclared identifier is reported only once for each function it appears in
configure:4232: $? = 1
configure: failed program was:
| /* confdefs.h */
| #define PACKAGE_NAME "tio"
| #define PACKAGE_TARNAME "tio"
| #define PACKAGE_VERSION "1.20"
| #define PACKAGE_STRING "tio 1.20"
| #define PACKAGE_BUGREPORT ""
| #define PACKAGE_URL "https://tio.github.io"
| #define PACKAGE "tio"
| #define VERSION "1.20"
| /* end confdefs.h.  */
| #include <termios.h>
| 
| int
| main ()
| {
| #ifndef B7200
| #ifdef __cplusplus
|   (void) B7200;
| #else
|   (void) B7200;
| #endif
| #endif
| 
|   ;
|   return 0;
| }
configure:4232: result: no
configure:4250: checking whether B9600 is declared
configure:4250: gcc -c -g -O2  conftest.c >&5
configure:4250: $? = 0
configure:4250: result: yes
configure:4268: checking whether B14400 is declared
configure:4268: gcc -c -g -O2  conftest.c >&5
conftest.c: In function 'main':
conftest.c:20:10: error: 'B14400' undeclared (first use in this function)
   (void) B14400;
          ^~~~~~
conftest.c:20:10: note: each undeclared identifier is reported only once for each function it appears in
configure:4268: $? = 1
configure: failed program was:
| /* confdefs.h */
| #define PACKAGE_NAME "tio"
| #define PACKAGE_TARNAME "tio"
| #define PACKAGE_VERSION "1.20"
| #define PACKAGE_STRING "tio 1.20"
| #define PACKAGE_BUGREPORT ""
| #define PACKAGE_URL "https://tio.github.io"
| #define PACKAGE "tio"
| #define VERSION "1.20"
| /* end confdefs.h.  */
| #include <termios.h>
| 
| int
| main ()
| {
| #ifndef B14400
| #ifdef __cplusplus
|   (void) B14400;
| #else
|   (void) B14400;
| #endif
| #endif
| 
|   ;
|   return 0;
| }
configure:4268: result: no
configure:4286: checking whether B19200 is declared
configure:4286: gcc -c -g -O2  conftest.c >&5
configure:4286: $? = 0
configure:4286: result: yes
configure:4304: checking whether B28800 is declared
configure:4304: gcc -c -g -O2  conftest.c >&5
conftest.c: In function 'main':
conftest.c:20:10: error: 'B28800' undeclared (first use in this function)
   (void) B28800;
          ^~~~~~
conftest.c:20:10: note: each undeclared identifier is reported only once for each function it appears in
configure:4304: $? = 1
configure: failed program was:
| /* confdefs.h */
| #define PACKAGE_NAME "tio"
| #define PACKAGE_TARNAME "tio"
| #define PACKAGE_VERSION "1.20"
| #define PACKAGE_STRING "tio 1.20"
| #define PACKAGE_BUGREPORT ""
| #define PACKAGE_URL "https://tio.github.io"
| #define PACKAGE "tio"
| #define VERSION "1.20"
| /* end confdefs.h.  */
| #include <termios.h>
| 
| int
| main ()
| {
| #ifndef B28800
| #ifdef __cplusplus
|   (void) B28800;
| #else
|   (void) B28800;
| #endif
| #endif
| 
|   ;
|   return 0;
| }
configure:4304: result: no
configure:4322: checking whether B38400 is declared
configure:4322: gcc -c -g -O2  conftest.c >&5
configure:4322: $? = 0
configure:4322: result: yes
configure:4340: checking whether B57600 is declared
configure:4340: gcc -c -g -O2  conftest.c >&5
configure:4340: $? = 0
configure:4340: result: yes
configure:4358: checking whether B76800 is declared
configure:4358: gcc -c -g -O2  conftest.c >&5
conftest.c: In function 'main':
conftest.c:20:10: error: 'B76800' undeclared (first use in this function)
   (void) B76800;
          ^~~~~~
conftest.c:20:10: note: each undeclared identifier is reported only once for each function it appears in
configure:4358: $? = 1
configure: failed program was:
| /* confdefs.h */
| #define PACKAGE_NAME "tio"
| #define PACKAGE_TARNAME "tio"
| #define PACKAGE_VERSION "1.20"
| #define PACKAGE_STRING "tio 1.20"
| #define PACKAGE_BUGREPORT ""
| #define PACKAGE_URL "https://tio.github.io"
| #define PACKAGE "tio"
| #define VERSION "1.20"
| /* end confdefs.h.  */
| #include <termios.h>
| 
| int
| main ()
| {
| #ifndef B76800
| #ifdef __cplusplus
|   (void) B76800;
| #else
|   (void) B76800;
| #endif
| #endif
| 
|   ;
|   return 0;
| }
configure:4358: result: no
configure:4376: checking whether B115200 is declared
configure:4376: gcc -c -g -O2  conftest.c >&5
configure:4376: $? = 0
configure:4376: result: yes
configure:4394: checking whether B230400 is declared
configure:4394: gcc -c -g -O2  conftest.c >&5
configure:4394: $? = 0
configure:4394: result: yes
configure:4412: checking whether B460800 is declared
configure:4412: gcc -c -g -O2  conftest.c >&5
configure:4412: $? = 0
configure:4412: result: yes
configure:4430: checking whether B500000 is declared
configure:4430: gcc -c -g -O2  conftest.c >&5
configure:4430: $? = 0
configure:4430: result: yes
configure:4448: checking whether B576000 is declared
configure:4448: gcc -c -g -O2  conftest.c >&5
configure:4448: $? = 0
configure:4448: result: yes
configure:4466: checking whether B921600 is declared
configure:4466: gcc -c -g -O2  conftest.c >&5
configure:4466: $? = 0
configure:4466: result: yes
configure:4484: checking whether B1000000 is declared
configure:4484: gcc -c -g -O2  conftest.c >&5
configure:4484: $? = 0
configure:4484: result: yes
configure:4502: checking whether B1152000 is declared
configure:4502: gcc -c -g -O2  conftest.c >&5
configure:4502: $? = 0
configure:4502: result: yes
configure:4520: checking whether B1500000 is declared
configure:4520: gcc -c -g -O2  conftest.c >&5
configure:4520: $? = 0
configure:4520: result: yes
configure:4538: checking whether B2000000 is declared
configure:4538: gcc -c -g -O2  conftest.c >&5
configure:4538: $? = 0
configure:4538: result: yes
configure:4556: checking whether B2500000 is declared
configure:4556: gcc -c -g -O2  conftest.c >&5
configure:4556: $? = 0
configure:4556: result: yes
configure:4574: checking whether B3000000 is declared
configure:4574: gcc -c -g -O2  conftest.c >&5
configure:4574: $? = 0
configure:4574: result: yes
configure:4592: checking whether B3500000 is declared
configure:4592: gcc -c -g -O2  conftest.c >&5
configure:4592: $? = 0
configure:4592: result: yes
configure:4610: checking whether B4000000 is declared
configure:4610: gcc -c -g -O2  conftest.c >&5
configure:4610: $? = 0
configure:4610: result: yes
configure:4753: checking that generated files are newer than configure
configure:4759: result: done
configure:4786: creating ./config.status

## ---------------------- ##
## Running config.status. ##
## ---------------------- ##

This file was extended by tio config.status 1.20, which was
generated by GNU Autoconf 2.69.  Invocation command line was

  CONFIG_FILES    = 
  CONFIG_HEADERS  = 
  CONFIG_LINKS    = 
  CONFIG_COMMANDS = 
  $ ./config.status 

on elbook

config.status:871: creating Makefile
config.status:871: creating src/Makefile
config.status:871: creating src/bash-completion/tio
config.status:871: creating man/Makefile
config.status:871: creating src/include/config.h
config.status:1100: executing depfiles commands

## ---------------- ##
## Cache variables. ##
## ---------------- ##

ac_cv_c_compiler_gnu=yes
ac_cv_env_BASH_COMPLETION_CFLAGS_set=
ac_cv_env_BASH_COMPLETION_CFLAGS_value=
ac_cv_env_BASH_COMPLETION_LIBS_set=
ac_cv_env_BASH_COMPLETION_LIBS_value=
ac_cv_env_CC_set=
ac_cv_env_CC_value=
ac_cv_env_CFLAGS_set=
ac_cv_env_CFLAGS_value=
ac_cv_env_CPPFLAGS_set=
ac_cv_env_CPPFLAGS_value=
ac_cv_env_LDFLAGS_set=
ac_cv_env_LDFLAGS_value=
ac_cv_env_LIBS_set=
ac_cv_env_LIBS_value=
ac_cv_env_PKG_CONFIG_LIBDIR_set=
ac_cv_env_PKG_CONFIG_LIBDIR_value=
ac_cv_env_PKG_CONFIG_PATH_set=
ac_cv_env_PKG_CONFIG_PATH_value=
ac_cv_env_PKG_CONFIG_set=
ac_cv_env_PKG_CONFIG_value=
ac_cv_env_build_alias_set=
ac_cv_env_build_alias_value=
ac_cv_env_host_alias_set=
ac_cv_env_host_alias_value=
ac_cv_env_target_alias_set=
ac_cv_env_target_alias_value=
ac_cv_have_decl_B0=yes
ac_cv_have_decl_B1000000=yes
ac_cv_have_decl_B110=yes
ac_cv_have_decl_B1152000=yes
ac_cv_have_decl_B115200=yes
ac_cv_have_decl_B1200=yes
ac_cv_have_decl_B134=yes
ac_cv_have_decl_B14400=no
ac_cv_have_decl_B1500000=yes
ac_cv_have_decl_B150=yes
ac_cv_have_decl_B1800=yes
ac_cv_have_decl_B19200=yes
ac_cv_have_decl_B2000000=yes
ac_cv_have_decl_B200=yes
ac_cv_have_decl_B230400=yes
ac_cv_have_decl_B2400=yes
ac_cv_have_decl_B2500000=yes
ac_cv_have_decl_B28800=no
ac_cv_have_decl_B3000000=yes
ac_cv_have_decl_B300=yes
ac_cv_have_decl_B3500000=yes
ac_cv_have_decl_B38400=yes
ac_cv_have_decl_B4000000=yes
ac_cv_have_decl_B460800=yes
ac_cv_have_decl_B4800=yes
ac_cv_have_decl_B500000=yes
ac_cv_have_decl_B50=yes
ac_cv_have_decl_B576000=yes
ac_cv_have_decl_B57600=yes
ac_cv_have_decl_B600=yes
ac_cv_have_decl_B7200=no
ac_cv_have_decl_B75=yes
ac_cv_have_decl_B76800=no
ac_cv_have_decl_B921600=yes
ac_cv_have_decl_B9600=yes
ac_cv_objext=o
ac_cv_path_install='/usr/bin/install -c'
ac_cv_path_mkdir=/bin/mkdir
ac_cv_prog_AWK=gawk
ac_cv_prog_ac_ct_CC=gcc
ac_cv_prog_cc_c89=
ac_cv_prog_cc_g=yes
ac_cv_prog_make_make_set=yes
ac_cv_sys_file_offset_bits=no
ac_cv_sys_largefile_CC=no
am_cv_CC_dependencies_compiler_type=gcc3
am_cv_make_support_nested_variables=yes
am_cv_prog_cc_c_o=yes

## ----------------- ##
## Output variables. ##
## ----------------- ##

ACLOCAL='${SHELL} /home/kolgreen/Dropbox/Projekty/programowanie/c++/tio/missing aclocal-1.15'
AMDEPBACKSLASH='\'
AMDEP_FALSE='#'
AMDEP_TRUE=''
AMTAR='$${TAR-tar}'
AM_BACKSLASH='\'
AM_DEFAULT_V='$(AM_DEFAULT_VERBOSITY)'
AM_DEFAULT_VERBOSITY='0'
AM_V='$(V)'
AUTOCONF='${SHELL} /home/kolgreen/Dropbox/Projekty/programowanie/c++/tio/missing autoconf'
AUTOHEADER='${SHELL} /home/kolgreen/Dropbox/Projekty/programowanie/c++/tio/missing autoheader'
AUTOMAKE='${SHELL} /home/kolgreen/Dropbox/Projekty/programowanie/c++/tio/missing automake-1.15'
AWK='gawk'
BASH_COMPLETION_CFLAGS=''
BASH_COMPLETION_DIR='${prefix}/etc/bash_completion.d'
BASH_COMPLETION_LIBS=''
BAUDRATES=' 0 50 75 110 134 150 200 300 600 1200 1800 2400 4800 9600 19200 38400 57600 115200 230400 460800 500000 576000 921600 1000000 1152000 1500000 2000000 2500000 3000000 3500000 4000000'
BAUDRATE_CASES=' case 0: baudrate = B0; break; case 50: baudrate = B50; break; case 75: baudrate = B75; break; case 110: baudrate = B110; break; case 134: baudrate = B134; break; case 150: baudrate = B150; break; case 200: baudrate = B200; break; case 300: baudrate = B300; break; case 600: baudrate = B600; break; case 1200: baudrate = B1200; break; case 1800: baudrate = B1800; break; case 2400: baudrate = B2400; break; case 4800: baudrate = B4800; break; case 9600: baudrate = B9600; break; case 19200: baudrate = B19200; break; case 38400: baudrate = B38400; break; case 57600: baudrate = B57600; break; case 115200: baudrate = B115200; break; case 230400: baudrate = B230400; break; case 460800: baudrate = B460800; break; case 500000: baudrate = B500000; break; case 576000: baudrate = B576000; break; case 921600: baudrate = B921600; break; case 1000000: baudrate = B1000000; break; case 1152000: baudrate = B1152000; break; case 1500000: baudrate = B1500000; break; case 2000000: baudrate = B2000000; break; case 2500000: baudrate = B2500000; break; case 3000000: baudrate = B3000000; break; case 3500000: baudrate = B3500000; break; case 4000000: baudrate = B4000000; break;'
CC='gcc'
CCDEPMODE='depmode=gcc3'
CFLAGS='-g -O2'
CPPFLAGS=''
CYGPATH_W='echo'
DEFS='-DHAVE_CONFIG_H'
DEPDIR='.deps'
ECHO_C=''
ECHO_N='-n'
ECHO_T=''
ENABLE_BASH_COMPLETION_FALSE='#'
ENABLE_BASH_COMPLETION_TRUE=''
EXEEXT=''
INSTALL_DATA='${INSTALL} -m 644'
INSTALL_PROGRAM='${INSTALL}'
INSTALL_SCRIPT='${INSTALL}'
INSTALL_STRIP_PROGRAM='$(install_sh) -c -s'
LDFLAGS=''
LIBOBJS=''
LIBS=''
LTLIBOBJS=''
MAKEINFO='${SHELL} /home/kolgreen/Dropbox/Projekty/programowanie/c++/tio/missing makeinfo'
MKDIR_P='/bin/mkdir -p'
OBJEXT='o'
PACKAGE='tio'
PACKAGE_BUGREPORT=''
PACKAGE_NAME='tio'
PACKAGE_STRING='tio 1.20'
PACKAGE_TARNAME='tio'
PACKAGE_URL='https://tio.github.io'
PACKAGE_VERSION='1.20'
PATH_SEPARATOR=':'
PKG_CONFIG=''
PKG_CONFIG_LIBDIR=''
PKG_CONFIG_PATH=''
SET_MAKE=''
SHELL='/bin/bash'
STRIP=''
VERSION='1.20'
ac_ct_CC='gcc'
am__EXEEXT_FALSE=''
am__EXEEXT_TRUE='#'
am__fastdepCC_FALSE='#'
am__fastdepCC_TRUE=''
am__include='include'
am__isrc=''
am__leading_dot='.'
am__nodep='_no'
am__quote=''
am__tar='$${TAR-tar} chof - "$$tardir"'
am__untar='$${TAR-tar} xf -'
bindir='${exec_prefix}/bin'
build_alias=''
datadir='${datarootdir}'
datarootdir='${prefix}/share'
docdir='${datarootdir}/doc/${PACKAGE_TARNAME}'
dvidir='${docdir}'
exec_prefix='${prefix}'
host_alias=''
htmldir='${docdir}'
includedir='${prefix}/include'
infodir='${datarootdir}/info'
install_sh='${SHELL} /home/kolgreen/Dropbox/Projekty/programowanie/c++/tio/install-sh'
libdir='${exec_prefix}/lib'
libexecdir='${exec_prefix}/libexec'
localedir='${datarootdir}/locale'
localstatedir='${prefix}/var'
mandir='${datarootdir}/man'
mkdir_p='$(MKDIR_P)'
oldincludedir='/usr/include'
pdfdir='${docdir}'
prefix='/usr/local'
program_transform_name='s,x,x,'
psdir='${docdir}'
runstatedir='${localstatedir}/run'
sbindir='${exec_prefix}/sbin'
sharedstatedir='${prefix}/com'
sysconfdir='${prefix}/etc'
target_alias=''

## ----------- ##
## confdefs.h. ##
## ----------- ##

/* confdefs.h */
#define PACKAGE_NAME "tio"
#define PACKAGE_TARNAME "tio"
#define PACKAGE_VERSION "1.20"
#define PACKAGE_STRING "tio 1.20"
#define PACKAGE_BUGREPORT ""
#define PACKAGE_URL "https://tio.github.io"
#define PACKAGE "tio"
#define VERSION "1.20"
#define AUTOCONF_BAUDRATE_CASES  case 0: baudrate = B0; break; case 50: baudrate = B50; break; case 75: baudrate = B75; break; case 110: baudrate = B110; break; case 134: baudrate = B134; break; case 150: baudrate = B150; break; case 200: baudrate = B200; break; case 300: baudrate = B300; break; case 600: baudrate = B600; break; case 1200: baudrate = B1200; break; case 1800: baudrate = B1800; break; case 2400: baudrate = B2400; break; case 4800: baudrate = B4800; break; case 9600: baudrate = B9600; break; case 19200: baudrate = B19200; break; case 38400: baudrate = B38400; break; case 57600: baudrate = B57600; break; case 115200: baudrate = B115200; break; case 230400: baudrate = B230400; break; case 460800: baudrate = B460800; break; case 500000: baudrate = B500000; break; case 576000: baudrate = B576000; break; case 921600: baudrate = B921600; break; case 1000000: baudrate = B1000000; break; case 1152000: baudrate = B1152000; break; case 1500000: baudrate = B1500000; break; case 2000000: baudrate = B2000000; break; case 2500000: baudrate = B2500000; break; case 3000000: baudrate = B3000000; break; case 3500000: baudrate = B3500000; break; case 4000000: baudrate = B4000000; break;

configure: exit 0
